The system is: Darwin - 19.6.0 - x86_64
Compiling the C compiler identification source file "CMakeCCompilerId.c" succeeded.
Compiler: /Applications/Xcode.app/Contents/Developer/Toolchains/XcodeDefault.xctoolchain/usr/bin/cc 
Build flags: 
Id flags:  

The output was:
0


Compilation of the C compiler identification source "CMakeCCompilerId.c" produced "a.out"

The C compiler identification is AppleClang, found in "/Users/putnamjm/projects/eko/build/CMakeFiles/3.23.2/CompilerIdC/a.out"

Compiling the CXX compiler identification source file "CMakeCXXCompilerId.cpp" succeeded.
Compiler: /usr/local/bin/g++-12 
Build flags: 
Id flags:  

The output was:
0


Compilation of the CXX compiler identification source "CMakeCXXCompilerId.cpp" produced "a.out"

The CXX compiler identification is GNU, found in "/Users/putnamjm/projects/eko/build/CMakeFiles/3.23.2/CompilerIdCXX/a.out"

Detecting C compiler ABI info compiled with the following output:
Change Dir: /Users/putnamjm/projects/eko/build/CMakeFiles/CMakeTmp

Run Build Command(s):/usr/bin/make -f Makefile cmTC_17a29/fast && /Applications/Xcode.app/Contents/Developer/usr/bin/make  -f CMakeFiles/cmTC_17a29.dir/build.make CMakeFiles/cmTC_17a29.dir/build
Building C object CMakeFiles/cmTC_17a29.dir/CMakeCCompilerABI.c.o
/Applications/Xcode.app/Contents/Developer/Toolchains/XcodeDefault.xctoolchain/usr/bin/cc   -isysroot /Applications/Xcode.app/Contents/Developer/Platforms/MacOSX.platform/Developer/SDKs/MacOSX11.1.sdk -mmacosx-version-min=10.15   -v -Wl,-v -MD -MT CMakeFiles/cmTC_17a29.dir/CMakeCCompilerABI.c.o -MF CMakeFiles/cmTC_17a29.dir/CMakeCCompilerABI.c.o.d -o CMakeFiles/cmTC_17a29.dir/CMakeCCompilerABI.c.o -c /usr/local/Cellar/cmake/3.23.2/share/cmake/Modules/CMakeCCompilerABI.c
Apple clang version 12.0.0 (clang-1200.0.32.29)
Target: x86_64-apple-darwin19.6.0
Thread model: posix
InstalledDir: /Applications/Xcode.app/Contents/Developer/Toolchains/XcodeDefault.xctoolchain/usr/bin
clang: warning: -Wl,-v: 'linker' input unused [-Wunused-command-line-argument]
 "/Applications/Xcode.app/Contents/Developer/Toolchains/XcodeDefault.xctoolchain/usr/bin/clang" -cc1 -triple x86_64-apple-macosx10.15.0 -Wdeprecated-objc-isa-usage -Werror=deprecated-objc-isa-usage -Werror=implicit-function-declaration -emit-obj -mrelax-all -disable-free -disable-llvm-verifier -discard-value-names -main-file-name CMakeCCompilerABI.c -mrelocation-model pic -pic-level 2 -mthread-model posix -mframe-pointer=all -fno-strict-return -masm-verbose -munwind-tables -target-sdk-version=11.1 -target-cpu penryn -dwarf-column-info -debugger-tuning=lldb -target-linker-version 609.8 -v -resource-dir /Applications/Xcode.app/Contents/Developer/Toolchains/XcodeDefault.xctoolchain/usr/lib/clang/12.0.0 -dependency-file CMakeFiles/cmTC_17a29.dir/CMakeCCompilerABI.c.o.d -skip-unused-modulemap-deps -MT CMakeFiles/cmTC_17a29.dir/CMakeCCompilerABI.c.o -sys-header-deps -isysroot /Applications/Xcode.app/Contents/Developer/Platforms/MacOSX.platform/Developer/SDKs/MacOSX11.1.sdk -internal-isystem /Applications/Xcode.app/Contents/Developer/Platforms/MacOSX.platform/Developer/SDKs/MacOSX11.1.sdk/usr/local/include -internal-isystem /Applications/Xcode.app/Contents/Developer/Toolchains/XcodeDefault.xctoolchain/usr/lib/clang/12.0.0/include -internal-externc-isystem /Applications/Xcode.app/Contents/Developer/Platforms/MacOSX.platform/Developer/SDKs/MacOSX11.1.sdk/usr/include -internal-externc-isystem /Applications/Xcode.app/Contents/Developer/Toolchains/XcodeDefault.xctoolchain/usr/include -Wno-reorder-init-list -Wno-implicit-int-float-conversion -Wno-c99-designator -Wno-final-dtor-non-final-class -Wno-extra-semi-stmt -Wno-misleading-indentation -Wno-quoted-include-in-framework-header -Wno-implicit-fallthrough -Wno-enum-enum-conversion -Wno-enum-float-conversion -fdebug-compilation-dir /Volumes/projects/putnamjm/eko/build/CMakeFiles/CMakeTmp -ferror-limit 19 -fmessage-length 0 -stack-protector 1 -fstack-check -mdarwin-stkchk-strong-link -fblocks -fencode-extended-block-signature -fregister-global-dtors-with-atexit -fgnuc-version=4.2.1 -fobjc-runtime=macosx-10.15.0 -fmax-type-align=16 -fdiagnostics-show-option -o CMakeFiles/cmTC_17a29.dir/CMakeCCompilerABI.c.o -x c /usr/local/Cellar/cmake/3.23.2/share/cmake/Modules/CMakeCCompilerABI.c
clang -cc1 version 12.0.0 (clang-1200.0.32.29) default target x86_64-apple-darwin19.6.0
ignoring nonexistent directory "/Applications/Xcode.app/Contents/Developer/Platforms/MacOSX.platform/Developer/SDKs/MacOSX11.1.sdk/usr/local/include"
ignoring nonexistent directory "/Applications/Xcode.app/Contents/Developer/Platforms/MacOSX.platform/Developer/SDKs/MacOSX11.1.sdk/Library/Frameworks"
#include "..." search starts here:
#include <...> search starts here:
 /Applications/Xcode.app/Contents/Developer/Toolchains/XcodeDefault.xctoolchain/usr/lib/clang/12.0.0/include
 /Applications/Xcode.app/Contents/Developer/Platforms/MacOSX.platform/Developer/SDKs/MacOSX11.1.sdk/usr/include
 /Applications/Xcode.app/Contents/Developer/Toolchains/XcodeDefault.xctoolchain/usr/include
 /Applications/Xcode.app/Contents/Developer/Platforms/MacOSX.platform/Developer/SDKs/MacOSX11.1.sdk/System/Library/Frameworks (framework directory)
End of search list.
Linking C executable cmTC_17a29
/usr/local/Cellar/cmake/3.23.2/bin/cmake -E cmake_link_script CMakeFiles/cmTC_17a29.dir/link.txt --verbose=1
/Applications/Xcode.app/Contents/Developer/Toolchains/XcodeDefault.xctoolchain/usr/bin/cc  -isysroot /Applications/Xcode.app/Contents/Developer/Platforms/MacOSX.platform/Developer/SDKs/MacOSX11.1.sdk -mmacosx-version-min=10.15 -Wl,-search_paths_first -Wl,-headerpad_max_install_names  -v -Wl,-v CMakeFiles/cmTC_17a29.dir/CMakeCCompilerABI.c.o -o cmTC_17a29 
Apple clang version 12.0.0 (clang-1200.0.32.29)
Target: x86_64-apple-darwin19.6.0
Thread model: posix
InstalledDir: /Applications/Xcode.app/Contents/Developer/Toolchains/XcodeDefault.xctoolchain/usr/bin
 "/Applications/Xcode.app/Contents/Developer/Toolchains/XcodeDefault.xctoolchain/usr/bin/ld" -demangle -lto_library /Applications/Xcode.app/Contents/Developer/Toolchains/XcodeDefault.xctoolchain/usr/lib/libLTO.dylib -dynamic -arch x86_64 -platform_version macos 10.15.0 11.1 -syslibroot /Applications/Xcode.app/Contents/Developer/Platforms/MacOSX.platform/Developer/SDKs/MacOSX11.1.sdk -o cmTC_17a29 -search_paths_first -headerpad_max_install_names -v CMakeFiles/cmTC_17a29.dir/CMakeCCompilerABI.c.o -lSystem /Applications/Xcode.app/Contents/Developer/Toolchains/XcodeDefault.xctoolchain/usr/lib/clang/12.0.0/lib/darwin/libclang_rt.osx.a
@(#)PROGRAM:ld  PROJECT:ld64-609.8
BUILD 15:07:46 Dec 18 2020
configured to support archs: armv6 armv7 armv7s arm64 arm64e arm64_32 i386 x86_64 x86_64h armv6m armv7k armv7m armv7em
Library search paths:
	/Applications/Xcode.app/Contents/Developer/Platforms/MacOSX.platform/Developer/SDKs/MacOSX11.1.sdk/usr/lib
Framework search paths:
	/Applications/Xcode.app/Contents/Developer/Platforms/MacOSX.platform/Developer/SDKs/MacOSX11.1.sdk/System/Library/Frameworks/



Parsed C implicit include dir info from above output: rv=done
  found start of include info
  found start of implicit include info
    add: [/Applications/Xcode.app/Contents/Developer/Toolchains/XcodeDefault.xctoolchain/usr/lib/clang/12.0.0/include]
    add: [/Applications/Xcode.app/Contents/Developer/Platforms/MacOSX.platform/Developer/SDKs/MacOSX11.1.sdk/usr/include]
    add: [/Applications/Xcode.app/Contents/Developer/Toolchains/XcodeDefault.xctoolchain/usr/include]
  end of search list found
  collapse include dir [/Applications/Xcode.app/Contents/Developer/Toolchains/XcodeDefault.xctoolchain/usr/lib/clang/12.0.0/include] ==> [/Applications/Xcode.app/Contents/Developer/Toolchains/XcodeDefault.xctoolchain/usr/lib/clang/12.0.0/include]
  collapse include dir [/Applications/Xcode.app/Contents/Developer/Platforms/MacOSX.platform/Developer/SDKs/MacOSX11.1.sdk/usr/include] ==> [/Applications/Xcode.app/Contents/Developer/Platforms/MacOSX.platform/Developer/SDKs/MacOSX11.1.sdk/usr/include]
  collapse include dir [/Applications/Xcode.app/Contents/Developer/Toolchains/XcodeDefault.xctoolchain/usr/include] ==> [/Applications/Xcode.app/Contents/Developer/Toolchains/XcodeDefault.xctoolchain/usr/include]
  implicit include dirs: [/Applications/Xcode.app/Contents/Developer/Toolchains/XcodeDefault.xctoolchain/usr/lib/clang/12.0.0/include;/Applications/Xcode.app/Contents/Developer/Platforms/MacOSX.platform/Developer/SDKs/MacOSX11.1.sdk/usr/include;/Applications/Xcode.app/Contents/Developer/Toolchains/XcodeDefault.xctoolchain/usr/include]


Parsed C implicit link information from above output:
  link line regex: [^( *|.*[/\])(ld|CMAKE_LINK_STARTFILE-NOTFOUND|([^/\]+-)?ld|collect2)[^/\]*( |$)]
  ignore line: [Change Dir: /Users/putnamjm/projects/eko/build/CMakeFiles/CMakeTmp]
  ignore line: []
  ignore line: [Run Build Command(s):/usr/bin/make -f Makefile cmTC_17a29/fast && /Applications/Xcode.app/Contents/Developer/usr/bin/make  -f CMakeFiles/cmTC_17a29.dir/build.make CMakeFiles/cmTC_17a29.dir/build]
  ignore line: [Building C object CMakeFiles/cmTC_17a29.dir/CMakeCCompilerABI.c.o]
  ignore line: [/Applications/Xcode.app/Contents/Developer/Toolchains/XcodeDefault.xctoolchain/usr/bin/cc   -isysroot /Applications/Xcode.app/Contents/Developer/Platforms/MacOSX.platform/Developer/SDKs/MacOSX11.1.sdk -mmacosx-version-min=10.15   -v -Wl -v -MD -MT CMakeFiles/cmTC_17a29.dir/CMakeCCompilerABI.c.o -MF CMakeFiles/cmTC_17a29.dir/CMakeCCompilerABI.c.o.d -o CMakeFiles/cmTC_17a29.dir/CMakeCCompilerABI.c.o -c /usr/local/Cellar/cmake/3.23.2/share/cmake/Modules/CMakeCCompilerABI.c]
  ignore line: [Apple clang version 12.0.0 (clang-1200.0.32.29)]
  ignore line: [Target: x86_64-apple-darwin19.6.0]
  ignore line: [Thread model: posix]
  ignore line: [InstalledDir: /Applications/Xcode.app/Contents/Developer/Toolchains/XcodeDefault.xctoolchain/usr/bin]
  ignore line: [clang: warning: -Wl -v: 'linker' input unused [-Wunused-command-line-argument]]
  ignore line: [ "/Applications/Xcode.app/Contents/Developer/Toolchains/XcodeDefault.xctoolchain/usr/bin/clang" -cc1 -triple x86_64-apple-macosx10.15.0 -Wdeprecated-objc-isa-usage -Werror=deprecated-objc-isa-usage -Werror=implicit-function-declaration -emit-obj -mrelax-all -disable-free -disable-llvm-verifier -discard-value-names -main-file-name CMakeCCompilerABI.c -mrelocation-model pic -pic-level 2 -mthread-model posix -mframe-pointer=all -fno-strict-return -masm-verbose -munwind-tables -target-sdk-version=11.1 -target-cpu penryn -dwarf-column-info -debugger-tuning=lldb -target-linker-version 609.8 -v -resource-dir /Applications/Xcode.app/Contents/Developer/Toolchains/XcodeDefault.xctoolchain/usr/lib/clang/12.0.0 -dependency-file CMakeFiles/cmTC_17a29.dir/CMakeCCompilerABI.c.o.d -skip-unused-modulemap-deps -MT CMakeFiles/cmTC_17a29.dir/CMakeCCompilerABI.c.o -sys-header-deps -isysroot /Applications/Xcode.app/Contents/Developer/Platforms/MacOSX.platform/Developer/SDKs/MacOSX11.1.sdk -internal-isystem /Applications/Xcode.app/Contents/Developer/Platforms/MacOSX.platform/Developer/SDKs/MacOSX11.1.sdk/usr/local/include -internal-isystem /Applications/Xcode.app/Contents/Developer/Toolchains/XcodeDefault.xctoolchain/usr/lib/clang/12.0.0/include -internal-externc-isystem /Applications/Xcode.app/Contents/Developer/Platforms/MacOSX.platform/Developer/SDKs/MacOSX11.1.sdk/usr/include -internal-externc-isystem /Applications/Xcode.app/Contents/Developer/Toolchains/XcodeDefault.xctoolchain/usr/include -Wno-reorder-init-list -Wno-implicit-int-float-conversion -Wno-c99-designator -Wno-final-dtor-non-final-class -Wno-extra-semi-stmt -Wno-misleading-indentation -Wno-quoted-include-in-framework-header -Wno-implicit-fallthrough -Wno-enum-enum-conversion -Wno-enum-float-conversion -fdebug-compilation-dir /Volumes/projects/putnamjm/eko/build/CMakeFiles/CMakeTmp -ferror-limit 19 -fmessage-length 0 -stack-protector 1 -fstack-check -mdarwin-stkchk-strong-link -fblocks -fencode-extended-block-signature -fregister-global-dtors-with-atexit -fgnuc-version=4.2.1 -fobjc-runtime=macosx-10.15.0 -fmax-type-align=16 -fdiagnostics-show-option -o CMakeFiles/cmTC_17a29.dir/CMakeCCompilerABI.c.o -x c /usr/local/Cellar/cmake/3.23.2/share/cmake/Modules/CMakeCCompilerABI.c]
  ignore line: [clang -cc1 version 12.0.0 (clang-1200.0.32.29) default target x86_64-apple-darwin19.6.0]
  ignore line: [ignoring nonexistent directory "/Applications/Xcode.app/Contents/Developer/Platforms/MacOSX.platform/Developer/SDKs/MacOSX11.1.sdk/usr/local/include"]
  ignore line: [ignoring nonexistent directory "/Applications/Xcode.app/Contents/Developer/Platforms/MacOSX.platform/Developer/SDKs/MacOSX11.1.sdk/Library/Frameworks"]
  ignore line: [#include "..." search starts here:]
  ignore line: [#include <...> search starts here:]
  ignore line: [ /Applications/Xcode.app/Contents/Developer/Toolchains/XcodeDefault.xctoolchain/usr/lib/clang/12.0.0/include]
  ignore line: [ /Applications/Xcode.app/Contents/Developer/Platforms/MacOSX.platform/Developer/SDKs/MacOSX11.1.sdk/usr/include]
  ignore line: [ /Applications/Xcode.app/Contents/Developer/Toolchains/XcodeDefault.xctoolchain/usr/include]
  ignore line: [ /Applications/Xcode.app/Contents/Developer/Platforms/MacOSX.platform/Developer/SDKs/MacOSX11.1.sdk/System/Library/Frameworks (framework directory)]
  ignore line: [End of search list.]
  ignore line: [Linking C executable cmTC_17a29]
  ignore line: [/usr/local/Cellar/cmake/3.23.2/bin/cmake -E cmake_link_script CMakeFiles/cmTC_17a29.dir/link.txt --verbose=1]
  ignore line: [/Applications/Xcode.app/Contents/Developer/Toolchains/XcodeDefault.xctoolchain/usr/bin/cc  -isysroot /Applications/Xcode.app/Contents/Developer/Platforms/MacOSX.platform/Developer/SDKs/MacOSX11.1.sdk -mmacosx-version-min=10.15 -Wl -search_paths_first -Wl -headerpad_max_install_names  -v -Wl -v CMakeFiles/cmTC_17a29.dir/CMakeCCompilerABI.c.o -o cmTC_17a29 ]
  ignore line: [Apple clang version 12.0.0 (clang-1200.0.32.29)]
  ignore line: [Target: x86_64-apple-darwin19.6.0]
  ignore line: [Thread model: posix]
  ignore line: [InstalledDir: /Applications/Xcode.app/Contents/Developer/Toolchains/XcodeDefault.xctoolchain/usr/bin]
  link line: [ "/Applications/Xcode.app/Contents/Developer/Toolchains/XcodeDefault.xctoolchain/usr/bin/ld" -demangle -lto_library /Applications/Xcode.app/Contents/Developer/Toolchains/XcodeDefault.xctoolchain/usr/lib/libLTO.dylib -dynamic -arch x86_64 -platform_version macos 10.15.0 11.1 -syslibroot /Applications/Xcode.app/Contents/Developer/Platforms/MacOSX.platform/Developer/SDKs/MacOSX11.1.sdk -o cmTC_17a29 -search_paths_first -headerpad_max_install_names -v CMakeFiles/cmTC_17a29.dir/CMakeCCompilerABI.c.o -lSystem /Applications/Xcode.app/Contents/Developer/Toolchains/XcodeDefault.xctoolchain/usr/lib/clang/12.0.0/lib/darwin/libclang_rt.osx.a]
    arg [/Applications/Xcode.app/Contents/Developer/Toolchains/XcodeDefault.xctoolchain/usr/bin/ld] ==> ignore
    arg [-demangle] ==> ignore
    arg [-lto_library] ==> ignore, skip following value
    arg [/Applications/Xcode.app/Contents/Developer/Toolchains/XcodeDefault.xctoolchain/usr/lib/libLTO.dylib] ==> skip value of -lto_library
    arg [-dynamic] ==> ignore
    arg [-arch] ==> ignore
    arg [x86_64] ==> ignore
    arg [-platform_version] ==> ignore
    arg [macos] ==> ignore
    arg [10.15.0] ==> ignore
    arg [11.1] ==> ignore
    arg [-syslibroot] ==> ignore
    arg [/Applications/Xcode.app/Contents/Developer/Platforms/MacOSX.platform/Developer/SDKs/MacOSX11.1.sdk] ==> ignore
    arg [-o] ==> ignore
    arg [cmTC_17a29] ==> ignore
    arg [-search_paths_first] ==> ignore
    arg [-headerpad_max_install_names] ==> ignore
    arg [-v] ==> ignore
    arg [CMakeFiles/cmTC_17a29.dir/CMakeCCompilerABI.c.o] ==> ignore
    arg [-lSystem] ==> lib [System]
    arg [/Applications/Xcode.app/Contents/Developer/Toolchains/XcodeDefault.xctoolchain/usr/lib/clang/12.0.0/lib/darwin/libclang_rt.osx.a] ==> lib [/Applications/Xcode.app/Contents/Developer/Toolchains/XcodeDefault.xctoolchain/usr/lib/clang/12.0.0/lib/darwin/libclang_rt.osx.a]
  Library search paths: [;/Applications/Xcode.app/Contents/Developer/Platforms/MacOSX.platform/Developer/SDKs/MacOSX11.1.sdk/usr/lib]
  Framework search paths: [;/Applications/Xcode.app/Contents/Developer/Platforms/MacOSX.platform/Developer/SDKs/MacOSX11.1.sdk/System/Library/Frameworks/]
  remove lib [System]
  remove lib [/Applications/Xcode.app/Contents/Developer/Toolchains/XcodeDefault.xctoolchain/usr/lib/clang/12.0.0/lib/darwin/libclang_rt.osx.a]
  collapse library dir [/Applications/Xcode.app/Contents/Developer/Platforms/MacOSX.platform/Developer/SDKs/MacOSX11.1.sdk/usr/lib] ==> [/Applications/Xcode.app/Contents/Developer/Platforms/MacOSX.platform/Developer/SDKs/MacOSX11.1.sdk/usr/lib]
  collapse framework dir [/Applications/Xcode.app/Contents/Developer/Platforms/MacOSX.platform/Developer/SDKs/MacOSX11.1.sdk/System/Library/Frameworks/] ==> [/Applications/Xcode.app/Contents/Developer/Platforms/MacOSX.platform/Developer/SDKs/MacOSX11.1.sdk/System/Library/Frameworks]
  implicit libs: []
  implicit objs: []
  implicit dirs: [/Applications/Xcode.app/Contents/Developer/Platforms/MacOSX.platform/Developer/SDKs/MacOSX11.1.sdk/usr/lib]
  implicit fwks: [/Applications/Xcode.app/Contents/Developer/Platforms/MacOSX.platform/Developer/SDKs/MacOSX11.1.sdk/System/Library/Frameworks]


Detecting CXX compiler ABI info compiled with the following output:
Change Dir: /Users/putnamjm/projects/eko/build/CMakeFiles/CMakeTmp

Run Build Command(s):/usr/bin/make -f Makefile cmTC_0121a/fast && /Applications/Xcode.app/Contents/Developer/usr/bin/make  -f CMakeFiles/cmTC_0121a.dir/build.make CMakeFiles/cmTC_0121a.dir/build
Building CXX object CMakeFiles/cmTC_0121a.dir/CMakeCXXCompilerABI.cpp.o
/usr/local/bin/g++-12   -isysroot /Applications/Xcode.app/Contents/Developer/Platforms/MacOSX.platform/Developer/SDKs/MacOSX11.1.sdk -mmacosx-version-min=10.15   -v -Wl,-v -o CMakeFiles/cmTC_0121a.dir/CMakeCXXCompilerABI.cpp.o -c /usr/local/Cellar/cmake/3.23.2/share/cmake/Modules/CMakeCXXCompilerABI.cpp
Using built-in specs.
COLLECT_GCC=/usr/local/bin/g++-12
Target: x86_64-apple-darwin19
Configured with: ../configure --prefix=/usr/local/opt/gcc@12 --libdir=/usr/local/opt/gcc@12/lib/gcc/12 --disable-nls --enable-checking=release --with-gcc-major-version-only --enable-languages=c,c++,objc,obj-c++,fortran --program-suffix=-12 --with-gmp=/usr/local/opt/gmp --with-mpfr=/usr/local/opt/mpfr --with-mpc=/usr/local/opt/libmpc --with-isl=/usr/local/opt/isl --with-zstd=/usr/local/opt/zstd --with-pkgversion='Homebrew GCC 12.1.0_1' --with-bugurl=https://github.com/Homebrew/homebrew-core/issues --with-system-zlib --build=x86_64-apple-darwin19 --with-native-system-header-dir=/usr/include --with-sysroot=/Library/Developer/CommandLineTools/SDKs/MacOSX10.15.sdk
Thread model: posix
Supported LTO compression algorithms: zlib zstd
gcc version 12.1.0 (Homebrew GCC 12.1.0_1) 
COLLECT_GCC_OPTIONS='-isysroot' '/Applications/Xcode.app/Contents/Developer/Platforms/MacOSX.platform/Developer/SDKs/MacOSX11.1.sdk' '-v' '-o' 'CMakeFiles/cmTC_0121a.dir/CMakeCXXCompilerABI.cpp.o' '-c' '-mmacosx-version-min=10.15' '-asm_macosx_version_min=10.15' '-nodefaultexport' '-shared-libgcc' '-mtune=core2' '-dumpdir' 'CMakeFiles/cmTC_0121a.dir/'
 /usr/local/Cellar/gcc@12/12.1.0_1/bin/../libexec/gcc/x86_64-apple-darwin19/12/cc1plus -quiet -v -iprefix /usr/local/Cellar/gcc@12/12.1.0_1/bin/../lib/gcc/12/gcc/x86_64-apple-darwin19/12/ -D__DYNAMIC__ -isysroot /Applications/Xcode.app/Contents/Developer/Platforms/MacOSX.platform/Developer/SDKs/MacOSX11.1.sdk /usr/local/Cellar/cmake/3.23.2/share/cmake/Modules/CMakeCXXCompilerABI.cpp -fPIC -quiet -dumpdir CMakeFiles/cmTC_0121a.dir/ -dumpbase CMakeCXXCompilerABI.cpp.cpp -dumpbase-ext .cpp -mmacosx-version-min=10.15 -mtune=core2 -version -o /var/folders/50/0pdhp8996mq51kwvdhnbs6xw0000gn/T//ccJ37uMC.s
GNU C++17 (Homebrew GCC 12.1.0_1) version 12.1.0 (x86_64-apple-darwin19)
	compiled by GNU C version 12.1.0, GMP version 6.2.1, MPFR version 4.1.0, MPC version 1.2.1, isl version isl-0.24-GMP

GGC heuristics: --param ggc-min-expand=100 --param ggc-min-heapsize=131072
ignoring nonexistent directory "/usr/local/Cellar/gcc@12/12.1.0_1/bin/../lib/gcc/12/gcc/x86_64-apple-darwin19/12/../../../../../../x86_64-apple-darwin19/include"
ignoring duplicate directory "/usr/local/Cellar/gcc@12/12.1.0_1/bin/../lib/gcc/12/gcc/../../../../lib/gcc/12/gcc/x86_64-apple-darwin19/12/../../../../../../include/c++/12"
ignoring duplicate directory "/usr/local/Cellar/gcc@12/12.1.0_1/bin/../lib/gcc/12/gcc/../../../../lib/gcc/12/gcc/x86_64-apple-darwin19/12/../../../../../../include/c++/12/x86_64-apple-darwin19"
ignoring duplicate directory "/usr/local/Cellar/gcc@12/12.1.0_1/bin/../lib/gcc/12/gcc/../../../../lib/gcc/12/gcc/x86_64-apple-darwin19/12/../../../../../../include/c++/12/backward"
ignoring duplicate directory "/usr/local/Cellar/gcc@12/12.1.0_1/bin/../lib/gcc/12/gcc/../../../../lib/gcc/12/gcc/x86_64-apple-darwin19/12/include"
ignoring nonexistent directory "/Applications/Xcode.app/Contents/Developer/Platforms/MacOSX.platform/Developer/SDKs/MacOSX11.1.sdk/usr/local/include"
ignoring duplicate directory "/usr/local/Cellar/gcc@12/12.1.0_1/bin/../lib/gcc/12/gcc/../../../../lib/gcc/12/gcc/x86_64-apple-darwin19/12/include-fixed"
ignoring nonexistent directory "/usr/local/Cellar/gcc@12/12.1.0_1/bin/../lib/gcc/12/gcc/../../../../lib/gcc/12/gcc/x86_64-apple-darwin19/12/../../../../../../x86_64-apple-darwin19/include"
ignoring nonexistent directory "/Applications/Xcode.app/Contents/Developer/Platforms/MacOSX.platform/Developer/SDKs/MacOSX11.1.sdk/Library/Frameworks"
#include "..." search starts here:
#include <...> search starts here:
 /usr/local/Cellar/gcc@12/12.1.0_1/bin/../lib/gcc/12/gcc/x86_64-apple-darwin19/12/../../../../../../include/c++/12
 /usr/local/Cellar/gcc@12/12.1.0_1/bin/../lib/gcc/12/gcc/x86_64-apple-darwin19/12/../../../../../../include/c++/12/x86_64-apple-darwin19
 /usr/local/Cellar/gcc@12/12.1.0_1/bin/../lib/gcc/12/gcc/x86_64-apple-darwin19/12/../../../../../../include/c++/12/backward
 /usr/local/Cellar/gcc@12/12.1.0_1/bin/../lib/gcc/12/gcc/x86_64-apple-darwin19/12/include
 /usr/local/Cellar/gcc@12/12.1.0_1/bin/../lib/gcc/12/gcc/x86_64-apple-darwin19/12/include-fixed
 /Applications/Xcode.app/Contents/Developer/Platforms/MacOSX.platform/Developer/SDKs/MacOSX11.1.sdk/usr/include
 /Applications/Xcode.app/Contents/Developer/Platforms/MacOSX.platform/Developer/SDKs/MacOSX11.1.sdk/System/Library/Frameworks
End of search list.
GNU C++17 (Homebrew GCC 12.1.0_1) version 12.1.0 (x86_64-apple-darwin19)
	compiled by GNU C version 12.1.0, GMP version 6.2.1, MPFR version 4.1.0, MPC version 1.2.1, isl version isl-0.24-GMP

GGC heuristics: --param ggc-min-expand=100 --param ggc-min-heapsize=131072
Compiler executable checksum: 69e1b5ccb8ddacbc05aa0620102fa1b2
COLLECT_GCC_OPTIONS='-isysroot' '/Applications/Xcode.app/Contents/Developer/Platforms/MacOSX.platform/Developer/SDKs/MacOSX11.1.sdk' '-v' '-o' 'CMakeFiles/cmTC_0121a.dir/CMakeCXXCompilerABI.cpp.o' '-c' '-mmacosx-version-min=10.15'  '-nodefaultexport' '-shared-libgcc' '-mtune=core2' '-dumpdir' 'CMakeFiles/cmTC_0121a.dir/'
 as -arch x86_64 -v -mmacosx-version-min=10.15 -force_cpusubtype_ALL -o CMakeFiles/cmTC_0121a.dir/CMakeCXXCompilerABI.cpp.o /var/folders/50/0pdhp8996mq51kwvdhnbs6xw0000gn/T//ccJ37uMC.s
Apple clang version 12.0.0 (clang-1200.0.32.29)
Target: x86_64-apple-darwin19.6.0
Thread model: posix
InstalledDir: /Applications/Xcode.app/Contents/Developer/Toolchains/XcodeDefault.xctoolchain/usr/bin
 "/Applications/Xcode.app/Contents/Developer/Toolchains/XcodeDefault.xctoolchain/usr/bin/clang" -cc1as -triple x86_64-apple-macosx10.15.0 -filetype obj -main-file-name ccJ37uMC.s -target-cpu penryn -fdebug-compilation-dir /Volumes/projects/putnamjm/eko/build/CMakeFiles/CMakeTmp -dwarf-debug-producer "Apple clang version 12.0.0 (clang-1200.0.32.29)" -dwarf-version=4 -mrelocation-model pic -o CMakeFiles/cmTC_0121a.dir/CMakeCXXCompilerABI.cpp.o /var/folders/50/0pdhp8996mq51kwvdhnbs6xw0000gn/T//ccJ37uMC.s
COMPILER_PATH=/usr/local/Cellar/gcc@12/12.1.0_1/bin/../libexec/gcc/x86_64-apple-darwin19/12/:/usr/local/Cellar/gcc@12/12.1.0_1/bin/../libexec/gcc/
LIBRARY_PATH=/usr/local/Cellar/gcc@12/12.1.0_1/bin/../lib/gcc/12/gcc/x86_64-apple-darwin19/12/:/usr/local/Cellar/gcc@12/12.1.0_1/bin/../lib/gcc/12/gcc/:/usr/local/Cellar/gcc@12/12.1.0_1/bin/../lib/gcc/12/gcc/x86_64-apple-darwin19/12/../../../
COLLECT_GCC_OPTIONS='-isysroot' '/Applications/Xcode.app/Contents/Developer/Platforms/MacOSX.platform/Developer/SDKs/MacOSX11.1.sdk' '-v' '-o' 'CMakeFiles/cmTC_0121a.dir/CMakeCXXCompilerABI.cpp.o' '-c' '-mmacosx-version-min=10.15'  '-nodefaultexport' '-shared-libgcc' '-mtune=core2' '-dumpdir' 'CMakeFiles/cmTC_0121a.dir/CMakeCXXCompilerABI.cpp.'
Linking CXX executable cmTC_0121a
/usr/local/Cellar/cmake/3.23.2/bin/cmake -E cmake_link_script CMakeFiles/cmTC_0121a.dir/link.txt --verbose=1
/usr/local/bin/g++-12  -isysroot /Applications/Xcode.app/Contents/Developer/Platforms/MacOSX.platform/Developer/SDKs/MacOSX11.1.sdk -mmacosx-version-min=10.15 -Wl,-search_paths_first -Wl,-headerpad_max_install_names  -v -Wl,-v CMakeFiles/cmTC_0121a.dir/CMakeCXXCompilerABI.cpp.o -o cmTC_0121a 
Using built-in specs.
COLLECT_GCC=/usr/local/bin/g++-12
COLLECT_LTO_WRAPPER=/usr/local/Cellar/gcc@12/12.1.0_1/bin/../libexec/gcc/x86_64-apple-darwin19/12/lto-wrapper
Target: x86_64-apple-darwin19
Configured with: ../configure --prefix=/usr/local/opt/gcc@12 --libdir=/usr/local/opt/gcc@12/lib/gcc/12 --disable-nls --enable-checking=release --with-gcc-major-version-only --enable-languages=c,c++,objc,obj-c++,fortran --program-suffix=-12 --with-gmp=/usr/local/opt/gmp --with-mpfr=/usr/local/opt/mpfr --with-mpc=/usr/local/opt/libmpc --with-isl=/usr/local/opt/isl --with-zstd=/usr/local/opt/zstd --with-pkgversion='Homebrew GCC 12.1.0_1' --with-bugurl=https://github.com/Homebrew/homebrew-core/issues --with-system-zlib --build=x86_64-apple-darwin19 --with-native-system-header-dir=/usr/include --with-sysroot=/Library/Developer/CommandLineTools/SDKs/MacOSX10.15.sdk
Thread model: posix
Supported LTO compression algorithms: zlib zstd
gcc version 12.1.0 (Homebrew GCC 12.1.0_1) 
COMPILER_PATH=/usr/local/Cellar/gcc@12/12.1.0_1/bin/../libexec/gcc/x86_64-apple-darwin19/12/:/usr/local/Cellar/gcc@12/12.1.0_1/bin/../libexec/gcc/
LIBRARY_PATH=/usr/local/Cellar/gcc@12/12.1.0_1/bin/../lib/gcc/12/gcc/x86_64-apple-darwin19/12/:/usr/local/Cellar/gcc@12/12.1.0_1/bin/../lib/gcc/12/gcc/:/usr/local/Cellar/gcc@12/12.1.0_1/bin/../lib/gcc/12/gcc/x86_64-apple-darwin19/12/../../../
COLLECT_GCC_OPTIONS='-isysroot' '/Applications/Xcode.app/Contents/Developer/Platforms/MacOSX.platform/Developer/SDKs/MacOSX11.1.sdk' '-v' '-o' 'cmTC_0121a' '-mmacosx-version-min=10.15' '-asm_macosx_version_min=10.15' '-nodefaultexport' '-shared-libgcc' '-mtune=core2' '-dumpdir' 'cmTC_0121a.'
 /usr/local/Cellar/gcc@12/12.1.0_1/bin/../libexec/gcc/x86_64-apple-darwin19/12/collect2 -dynamic -arch x86_64 -syslibroot /Applications/Xcode.app/Contents/Developer/Platforms/MacOSX.platform/Developer/SDKs/MacOSX11.1.sdk -macosx_version_min 10.15 -o cmTC_0121a -L/usr/local/Cellar/gcc@12/12.1.0_1/bin/../lib/gcc/12/gcc/x86_64-apple-darwin19/12 -L/usr/local/Cellar/gcc@12/12.1.0_1/bin/../lib/gcc/12/gcc -L/usr/local/Cellar/gcc@12/12.1.0_1/bin/../lib/gcc/12/gcc/x86_64-apple-darwin19/12/../../.. -search_paths_first -headerpad_max_install_names -v CMakeFiles/cmTC_0121a.dir/CMakeCXXCompilerABI.cpp.o -lstdc++ -lgcc_s.1.1 -lgcc -lSystem -no_compact_unwind -rpath @loader_path -rpath /usr/local/Cellar/gcc@12/12.1.0_1/lib/gcc/12/gcc/x86_64-apple-darwin19/12 -rpath /usr/local/Cellar/gcc@12/12.1.0_1/lib/gcc/12/gcc -rpath /usr/local/Cellar/gcc@12/12.1.0_1/lib/gcc/12
collect2 version 12.1.0
/usr/bin/ld -dynamic -arch x86_64 -syslibroot /Applications/Xcode.app/Contents/Developer/Platforms/MacOSX.platform/Developer/SDKs/MacOSX11.1.sdk -macosx_version_min 10.15 -o cmTC_0121a -L/usr/local/Cellar/gcc@12/12.1.0_1/bin/../lib/gcc/12/gcc/x86_64-apple-darwin19/12 -L/usr/local/Cellar/gcc@12/12.1.0_1/bin/../lib/gcc/12/gcc -L/usr/local/Cellar/gcc@12/12.1.0_1/bin/../lib/gcc/12/gcc/x86_64-apple-darwin19/12/../../.. -search_paths_first -headerpad_max_install_names -v CMakeFiles/cmTC_0121a.dir/CMakeCXXCompilerABI.cpp.o -lstdc++ -lgcc_s.1.1 -lgcc -lSystem -no_compact_unwind -rpath @loader_path -rpath /usr/local/Cellar/gcc@12/12.1.0_1/lib/gcc/12/gcc/x86_64-apple-darwin19/12 -rpath /usr/local/Cellar/gcc@12/12.1.0_1/lib/gcc/12/gcc -rpath /usr/local/Cellar/gcc@12/12.1.0_1/lib/gcc/12
@(#)PROGRAM:ld  PROJECT:ld64-609.8
BUILD 15:07:46 Dec 18 2020
configured to support archs: armv6 armv7 armv7s arm64 arm64e arm64_32 i386 x86_64 x86_64h armv6m armv7k armv7m armv7em
Library search paths:
	/usr/local/Cellar/gcc@12/12.1.0_1/lib/gcc/12/gcc/x86_64-apple-darwin19/12
	/usr/local/Cellar/gcc@12/12.1.0_1/lib/gcc/12/gcc
	/usr/local/Cellar/gcc@12/12.1.0_1/lib/gcc/12
	/Applications/Xcode.app/Contents/Developer/Platforms/MacOSX.platform/Developer/SDKs/MacOSX11.1.sdk/usr/lib
Framework search paths:
	/Applications/Xcode.app/Contents/Developer/Platforms/MacOSX.platform/Developer/SDKs/MacOSX11.1.sdk/System/Library/Frameworks/



Parsed CXX implicit include dir info from above output: rv=done
  found start of include info
  found start of implicit include info
    add: [/usr/local/Cellar/gcc@12/12.1.0_1/bin/../lib/gcc/12/gcc/x86_64-apple-darwin19/12/../../../../../../include/c++/12]
    add: [/usr/local/Cellar/gcc@12/12.1.0_1/bin/../lib/gcc/12/gcc/x86_64-apple-darwin19/12/../../../../../../include/c++/12/x86_64-apple-darwin19]
    add: [/usr/local/Cellar/gcc@12/12.1.0_1/bin/../lib/gcc/12/gcc/x86_64-apple-darwin19/12/../../../../../../include/c++/12/backward]
    add: [/usr/local/Cellar/gcc@12/12.1.0_1/bin/../lib/gcc/12/gcc/x86_64-apple-darwin19/12/include]
    add: [/usr/local/Cellar/gcc@12/12.1.0_1/bin/../lib/gcc/12/gcc/x86_64-apple-darwin19/12/include-fixed]
    add: [/Applications/Xcode.app/Contents/Developer/Platforms/MacOSX.platform/Developer/SDKs/MacOSX11.1.sdk/usr/include]
    add: [/Applications/Xcode.app/Contents/Developer/Platforms/MacOSX.platform/Developer/SDKs/MacOSX11.1.sdk/System/Library/Frameworks]
  end of search list found
  collapse include dir [/usr/local/Cellar/gcc@12/12.1.0_1/bin/../lib/gcc/12/gcc/x86_64-apple-darwin19/12/../../../../../../include/c++/12] ==> [/usr/local/Cellar/gcc@12/12.1.0_1/include/c++/12]
  collapse include dir [/usr/local/Cellar/gcc@12/12.1.0_1/bin/../lib/gcc/12/gcc/x86_64-apple-darwin19/12/../../../../../../include/c++/12/x86_64-apple-darwin19] ==> [/usr/local/Cellar/gcc@12/12.1.0_1/include/c++/12/x86_64-apple-darwin19]
  collapse include dir [/usr/local/Cellar/gcc@12/12.1.0_1/bin/../lib/gcc/12/gcc/x86_64-apple-darwin19/12/../../../../../../include/c++/12/backward] ==> [/usr/local/Cellar/gcc@12/12.1.0_1/include/c++/12/backward]
  collapse include dir [/usr/local/Cellar/gcc@12/12.1.0_1/bin/../lib/gcc/12/gcc/x86_64-apple-darwin19/12/include] ==> [/usr/local/Cellar/gcc@12/12.1.0_1/lib/gcc/12/gcc/x86_64-apple-darwin19/12/include]
  collapse include dir [/usr/local/Cellar/gcc@12/12.1.0_1/bin/../lib/gcc/12/gcc/x86_64-apple-darwin19/12/include-fixed] ==> [/usr/local/Cellar/gcc@12/12.1.0_1/lib/gcc/12/gcc/x86_64-apple-darwin19/12/include-fixed]
  collapse include dir [/Applications/Xcode.app/Contents/Developer/Platforms/MacOSX.platform/Developer/SDKs/MacOSX11.1.sdk/usr/include] ==> [/Applications/Xcode.app/Contents/Developer/Platforms/MacOSX.platform/Developer/SDKs/MacOSX11.1.sdk/usr/include]
  collapse include dir [/Applications/Xcode.app/Contents/Developer/Platforms/MacOSX.platform/Developer/SDKs/MacOSX11.1.sdk/System/Library/Frameworks] ==> [/Applications/Xcode.app/Contents/Developer/Platforms/MacOSX.platform/Developer/SDKs/MacOSX11.1.sdk/System/Library/Frameworks]
  implicit include dirs: [/usr/local/Cellar/gcc@12/12.1.0_1/include/c++/12;/usr/local/Cellar/gcc@12/12.1.0_1/include/c++/12/x86_64-apple-darwin19;/usr/local/Cellar/gcc@12/12.1.0_1/include/c++/12/backward;/usr/local/Cellar/gcc@12/12.1.0_1/lib/gcc/12/gcc/x86_64-apple-darwin19/12/include;/usr/local/Cellar/gcc@12/12.1.0_1/lib/gcc/12/gcc/x86_64-apple-darwin19/12/include-fixed;/Applications/Xcode.app/Contents/Developer/Platforms/MacOSX.platform/Developer/SDKs/MacOSX11.1.sdk/usr/include;/Applications/Xcode.app/Contents/Developer/Platforms/MacOSX.platform/Developer/SDKs/MacOSX11.1.sdk/System/Library/Frameworks]


Parsed CXX implicit link information from above output:
  link line regex: [^( *|.*[/\])(ld|CMAKE_LINK_STARTFILE-NOTFOUND|([^/\]+-)?ld|collect2)[^/\]*( |$)]
  ignore line: [Change Dir: /Users/putnamjm/projects/eko/build/CMakeFiles/CMakeTmp]
  ignore line: []
  ignore line: [Run Build Command(s):/usr/bin/make -f Makefile cmTC_0121a/fast && /Applications/Xcode.app/Contents/Developer/usr/bin/make  -f CMakeFiles/cmTC_0121a.dir/build.make CMakeFiles/cmTC_0121a.dir/build]
  ignore line: [Building CXX object CMakeFiles/cmTC_0121a.dir/CMakeCXXCompilerABI.cpp.o]
  ignore line: [/usr/local/bin/g++-12   -isysroot /Applications/Xcode.app/Contents/Developer/Platforms/MacOSX.platform/Developer/SDKs/MacOSX11.1.sdk -mmacosx-version-min=10.15   -v -Wl -v -o CMakeFiles/cmTC_0121a.dir/CMakeCXXCompilerABI.cpp.o -c /usr/local/Cellar/cmake/3.23.2/share/cmake/Modules/CMakeCXXCompilerABI.cpp]
  ignore line: [Using built-in specs.]
  ignore line: [COLLECT_GCC=/usr/local/bin/g++-12]
  ignore line: [Target: x86_64-apple-darwin19]
  ignore line: [Configured with: ../configure --prefix=/usr/local/opt/gcc@12 --libdir=/usr/local/opt/gcc@12/lib/gcc/12 --disable-nls --enable-checking=release --with-gcc-major-version-only --enable-languages=c c++ objc obj-c++ fortran --program-suffix=-12 --with-gmp=/usr/local/opt/gmp --with-mpfr=/usr/local/opt/mpfr --with-mpc=/usr/local/opt/libmpc --with-isl=/usr/local/opt/isl --with-zstd=/usr/local/opt/zstd --with-pkgversion='Homebrew GCC 12.1.0_1' --with-bugurl=https://github.com/Homebrew/homebrew-core/issues --with-system-zlib --build=x86_64-apple-darwin19 --with-native-system-header-dir=/usr/include --with-sysroot=/Library/Developer/CommandLineTools/SDKs/MacOSX10.15.sdk]
  ignore line: [Thread model: posix]
  ignore line: [Supported LTO compression algorithms: zlib zstd]
  ignore line: [gcc version 12.1.0 (Homebrew GCC 12.1.0_1) ]
  ignore line: [COLLECT_GCC_OPTIONS='-isysroot' '/Applications/Xcode.app/Contents/Developer/Platforms/MacOSX.platform/Developer/SDKs/MacOSX11.1.sdk' '-v' '-o' 'CMakeFiles/cmTC_0121a.dir/CMakeCXXCompilerABI.cpp.o' '-c' '-mmacosx-version-min=10.15' '-asm_macosx_version_min=10.15' '-nodefaultexport' '-shared-libgcc' '-mtune=core2' '-dumpdir' 'CMakeFiles/cmTC_0121a.dir/']
  ignore line: [ /usr/local/Cellar/gcc@12/12.1.0_1/bin/../libexec/gcc/x86_64-apple-darwin19/12/cc1plus -quiet -v -iprefix /usr/local/Cellar/gcc@12/12.1.0_1/bin/../lib/gcc/12/gcc/x86_64-apple-darwin19/12/ -D__DYNAMIC__ -isysroot /Applications/Xcode.app/Contents/Developer/Platforms/MacOSX.platform/Developer/SDKs/MacOSX11.1.sdk /usr/local/Cellar/cmake/3.23.2/share/cmake/Modules/CMakeCXXCompilerABI.cpp -fPIC -quiet -dumpdir CMakeFiles/cmTC_0121a.dir/ -dumpbase CMakeCXXCompilerABI.cpp.cpp -dumpbase-ext .cpp -mmacosx-version-min=10.15 -mtune=core2 -version -o /var/folders/50/0pdhp8996mq51kwvdhnbs6xw0000gn/T//ccJ37uMC.s]
  ignore line: [GNU C++17 (Homebrew GCC 12.1.0_1) version 12.1.0 (x86_64-apple-darwin19)]
  ignore line: [	compiled by GNU C version 12.1.0  GMP version 6.2.1  MPFR version 4.1.0  MPC version 1.2.1  isl version isl-0.24-GMP]
  ignore line: []
  ignore line: [GGC heuristics: --param ggc-min-expand=100 --param ggc-min-heapsize=131072]
  ignore line: [ignoring nonexistent directory "/usr/local/Cellar/gcc@12/12.1.0_1/bin/../lib/gcc/12/gcc/x86_64-apple-darwin19/12/../../../../../../x86_64-apple-darwin19/include"]
  ignore line: [ignoring duplicate directory "/usr/local/Cellar/gcc@12/12.1.0_1/bin/../lib/gcc/12/gcc/../../../../lib/gcc/12/gcc/x86_64-apple-darwin19/12/../../../../../../include/c++/12"]
  ignore line: [ignoring duplicate directory "/usr/local/Cellar/gcc@12/12.1.0_1/bin/../lib/gcc/12/gcc/../../../../lib/gcc/12/gcc/x86_64-apple-darwin19/12/../../../../../../include/c++/12/x86_64-apple-darwin19"]
  ignore line: [ignoring duplicate directory "/usr/local/Cellar/gcc@12/12.1.0_1/bin/../lib/gcc/12/gcc/../../../../lib/gcc/12/gcc/x86_64-apple-darwin19/12/../../../../../../include/c++/12/backward"]
  ignore line: [ignoring duplicate directory "/usr/local/Cellar/gcc@12/12.1.0_1/bin/../lib/gcc/12/gcc/../../../../lib/gcc/12/gcc/x86_64-apple-darwin19/12/include"]
  ignore line: [ignoring nonexistent directory "/Applications/Xcode.app/Contents/Developer/Platforms/MacOSX.platform/Developer/SDKs/MacOSX11.1.sdk/usr/local/include"]
  ignore line: [ignoring duplicate directory "/usr/local/Cellar/gcc@12/12.1.0_1/bin/../lib/gcc/12/gcc/../../../../lib/gcc/12/gcc/x86_64-apple-darwin19/12/include-fixed"]
  ignore line: [ignoring nonexistent directory "/usr/local/Cellar/gcc@12/12.1.0_1/bin/../lib/gcc/12/gcc/../../../../lib/gcc/12/gcc/x86_64-apple-darwin19/12/../../../../../../x86_64-apple-darwin19/include"]
  ignore line: [ignoring nonexistent directory "/Applications/Xcode.app/Contents/Developer/Platforms/MacOSX.platform/Developer/SDKs/MacOSX11.1.sdk/Library/Frameworks"]
  ignore line: [#include "..." search starts here:]
  ignore line: [#include <...> search starts here:]
  ignore line: [ /usr/local/Cellar/gcc@12/12.1.0_1/bin/../lib/gcc/12/gcc/x86_64-apple-darwin19/12/../../../../../../include/c++/12]
  ignore line: [ /usr/local/Cellar/gcc@12/12.1.0_1/bin/../lib/gcc/12/gcc/x86_64-apple-darwin19/12/../../../../../../include/c++/12/x86_64-apple-darwin19]
  ignore line: [ /usr/local/Cellar/gcc@12/12.1.0_1/bin/../lib/gcc/12/gcc/x86_64-apple-darwin19/12/../../../../../../include/c++/12/backward]
  ignore line: [ /usr/local/Cellar/gcc@12/12.1.0_1/bin/../lib/gcc/12/gcc/x86_64-apple-darwin19/12/include]
  ignore line: [ /usr/local/Cellar/gcc@12/12.1.0_1/bin/../lib/gcc/12/gcc/x86_64-apple-darwin19/12/include-fixed]
  ignore line: [ /Applications/Xcode.app/Contents/Developer/Platforms/MacOSX.platform/Developer/SDKs/MacOSX11.1.sdk/usr/include]
  ignore line: [ /Applications/Xcode.app/Contents/Developer/Platforms/MacOSX.platform/Developer/SDKs/MacOSX11.1.sdk/System/Library/Frameworks]
  ignore line: [End of search list.]
  ignore line: [GNU C++17 (Homebrew GCC 12.1.0_1) version 12.1.0 (x86_64-apple-darwin19)]
  ignore line: [	compiled by GNU C version 12.1.0  GMP version 6.2.1  MPFR version 4.1.0  MPC version 1.2.1  isl version isl-0.24-GMP]
  ignore line: []
  ignore line: [GGC heuristics: --param ggc-min-expand=100 --param ggc-min-heapsize=131072]
  ignore line: [Compiler executable checksum: 69e1b5ccb8ddacbc05aa0620102fa1b2]
  ignore line: [COLLECT_GCC_OPTIONS='-isysroot' '/Applications/Xcode.app/Contents/Developer/Platforms/MacOSX.platform/Developer/SDKs/MacOSX11.1.sdk' '-v' '-o' 'CMakeFiles/cmTC_0121a.dir/CMakeCXXCompilerABI.cpp.o' '-c' '-mmacosx-version-min=10.15'  '-nodefaultexport' '-shared-libgcc' '-mtune=core2' '-dumpdir' 'CMakeFiles/cmTC_0121a.dir/']
  ignore line: [ as -arch x86_64 -v -mmacosx-version-min=10.15 -force_cpusubtype_ALL -o CMakeFiles/cmTC_0121a.dir/CMakeCXXCompilerABI.cpp.o /var/folders/50/0pdhp8996mq51kwvdhnbs6xw0000gn/T//ccJ37uMC.s]
  ignore line: [Apple clang version 12.0.0 (clang-1200.0.32.29)]
  ignore line: [Target: x86_64-apple-darwin19.6.0]
  ignore line: [Thread model: posix]
  ignore line: [InstalledDir: /Applications/Xcode.app/Contents/Developer/Toolchains/XcodeDefault.xctoolchain/usr/bin]
  ignore line: [ "/Applications/Xcode.app/Contents/Developer/Toolchains/XcodeDefault.xctoolchain/usr/bin/clang" -cc1as -triple x86_64-apple-macosx10.15.0 -filetype obj -main-file-name ccJ37uMC.s -target-cpu penryn -fdebug-compilation-dir /Volumes/projects/putnamjm/eko/build/CMakeFiles/CMakeTmp -dwarf-debug-producer "Apple clang version 12.0.0 (clang-1200.0.32.29)" -dwarf-version=4 -mrelocation-model pic -o CMakeFiles/cmTC_0121a.dir/CMakeCXXCompilerABI.cpp.o /var/folders/50/0pdhp8996mq51kwvdhnbs6xw0000gn/T//ccJ37uMC.s]
  ignore line: [COMPILER_PATH=/usr/local/Cellar/gcc@12/12.1.0_1/bin/../libexec/gcc/x86_64-apple-darwin19/12/:/usr/local/Cellar/gcc@12/12.1.0_1/bin/../libexec/gcc/]
  ignore line: [LIBRARY_PATH=/usr/local/Cellar/gcc@12/12.1.0_1/bin/../lib/gcc/12/gcc/x86_64-apple-darwin19/12/:/usr/local/Cellar/gcc@12/12.1.0_1/bin/../lib/gcc/12/gcc/:/usr/local/Cellar/gcc@12/12.1.0_1/bin/../lib/gcc/12/gcc/x86_64-apple-darwin19/12/../../../]
  ignore line: [COLLECT_GCC_OPTIONS='-isysroot' '/Applications/Xcode.app/Contents/Developer/Platforms/MacOSX.platform/Developer/SDKs/MacOSX11.1.sdk' '-v' '-o' 'CMakeFiles/cmTC_0121a.dir/CMakeCXXCompilerABI.cpp.o' '-c' '-mmacosx-version-min=10.15'  '-nodefaultexport' '-shared-libgcc' '-mtune=core2' '-dumpdir' 'CMakeFiles/cmTC_0121a.dir/CMakeCXXCompilerABI.cpp.']
  ignore line: [Linking CXX executable cmTC_0121a]
  ignore line: [/usr/local/Cellar/cmake/3.23.2/bin/cmake -E cmake_link_script CMakeFiles/cmTC_0121a.dir/link.txt --verbose=1]
  ignore line: [/usr/local/bin/g++-12  -isysroot /Applications/Xcode.app/Contents/Developer/Platforms/MacOSX.platform/Developer/SDKs/MacOSX11.1.sdk -mmacosx-version-min=10.15 -Wl -search_paths_first -Wl -headerpad_max_install_names  -v -Wl -v CMakeFiles/cmTC_0121a.dir/CMakeCXXCompilerABI.cpp.o -o cmTC_0121a ]
  ignore line: [Using built-in specs.]
  ignore line: [COLLECT_GCC=/usr/local/bin/g++-12]
  ignore line: [COLLECT_LTO_WRAPPER=/usr/local/Cellar/gcc@12/12.1.0_1/bin/../libexec/gcc/x86_64-apple-darwin19/12/lto-wrapper]
  ignore line: [Target: x86_64-apple-darwin19]
  ignore line: [Configured with: ../configure --prefix=/usr/local/opt/gcc@12 --libdir=/usr/local/opt/gcc@12/lib/gcc/12 --disable-nls --enable-checking=release --with-gcc-major-version-only --enable-languages=c c++ objc obj-c++ fortran --program-suffix=-12 --with-gmp=/usr/local/opt/gmp --with-mpfr=/usr/local/opt/mpfr --with-mpc=/usr/local/opt/libmpc --with-isl=/usr/local/opt/isl --with-zstd=/usr/local/opt/zstd --with-pkgversion='Homebrew GCC 12.1.0_1' --with-bugurl=https://github.com/Homebrew/homebrew-core/issues --with-system-zlib --build=x86_64-apple-darwin19 --with-native-system-header-dir=/usr/include --with-sysroot=/Library/Developer/CommandLineTools/SDKs/MacOSX10.15.sdk]
  ignore line: [Thread model: posix]
  ignore line: [Supported LTO compression algorithms: zlib zstd]
  ignore line: [gcc version 12.1.0 (Homebrew GCC 12.1.0_1) ]
  ignore line: [COMPILER_PATH=/usr/local/Cellar/gcc@12/12.1.0_1/bin/../libexec/gcc/x86_64-apple-darwin19/12/:/usr/local/Cellar/gcc@12/12.1.0_1/bin/../libexec/gcc/]
  ignore line: [LIBRARY_PATH=/usr/local/Cellar/gcc@12/12.1.0_1/bin/../lib/gcc/12/gcc/x86_64-apple-darwin19/12/:/usr/local/Cellar/gcc@12/12.1.0_1/bin/../lib/gcc/12/gcc/:/usr/local/Cellar/gcc@12/12.1.0_1/bin/../lib/gcc/12/gcc/x86_64-apple-darwin19/12/../../../]
  ignore line: [COLLECT_GCC_OPTIONS='-isysroot' '/Applications/Xcode.app/Contents/Developer/Platforms/MacOSX.platform/Developer/SDKs/MacOSX11.1.sdk' '-v' '-o' 'cmTC_0121a' '-mmacosx-version-min=10.15' '-asm_macosx_version_min=10.15' '-nodefaultexport' '-shared-libgcc' '-mtune=core2' '-dumpdir' 'cmTC_0121a.']
  link line: [ /usr/local/Cellar/gcc@12/12.1.0_1/bin/../libexec/gcc/x86_64-apple-darwin19/12/collect2 -dynamic -arch x86_64 -syslibroot /Applications/Xcode.app/Contents/Developer/Platforms/MacOSX.platform/Developer/SDKs/MacOSX11.1.sdk -macosx_version_min 10.15 -o cmTC_0121a -L/usr/local/Cellar/gcc@12/12.1.0_1/bin/../lib/gcc/12/gcc/x86_64-apple-darwin19/12 -L/usr/local/Cellar/gcc@12/12.1.0_1/bin/../lib/gcc/12/gcc -L/usr/local/Cellar/gcc@12/12.1.0_1/bin/../lib/gcc/12/gcc/x86_64-apple-darwin19/12/../../.. -search_paths_first -headerpad_max_install_names -v CMakeFiles/cmTC_0121a.dir/CMakeCXXCompilerABI.cpp.o -lstdc++ -lgcc_s.1.1 -lgcc -lSystem -no_compact_unwind -rpath @loader_path -rpath /usr/local/Cellar/gcc@12/12.1.0_1/lib/gcc/12/gcc/x86_64-apple-darwin19/12 -rpath /usr/local/Cellar/gcc@12/12.1.0_1/lib/gcc/12/gcc -rpath /usr/local/Cellar/gcc@12/12.1.0_1/lib/gcc/12]
    arg [/usr/local/Cellar/gcc@12/12.1.0_1/bin/../libexec/gcc/x86_64-apple-darwin19/12/collect2] ==> ignore
    arg [-dynamic] ==> ignore
    arg [-arch] ==> ignore
    arg [x86_64] ==> ignore
    arg [-syslibroot] ==> ignore
    arg [/Applications/Xcode.app/Contents/Developer/Platforms/MacOSX.platform/Developer/SDKs/MacOSX11.1.sdk] ==> ignore
    arg [-macosx_version_min] ==> ignore
    arg [10.15] ==> ignore
    arg [-o] ==> ignore
    arg [cmTC_0121a] ==> ignore
    arg [-L/usr/local/Cellar/gcc@12/12.1.0_1/bin/../lib/gcc/12/gcc/x86_64-apple-darwin19/12] ==> dir [/usr/local/Cellar/gcc@12/12.1.0_1/bin/../lib/gcc/12/gcc/x86_64-apple-darwin19/12]
    arg [-L/usr/local/Cellar/gcc@12/12.1.0_1/bin/../lib/gcc/12/gcc] ==> dir [/usr/local/Cellar/gcc@12/12.1.0_1/bin/../lib/gcc/12/gcc]
    arg [-L/usr/local/Cellar/gcc@12/12.1.0_1/bin/../lib/gcc/12/gcc/x86_64-apple-darwin19/12/../../..] ==> dir [/usr/local/Cellar/gcc@12/12.1.0_1/bin/../lib/gcc/12/gcc/x86_64-apple-darwin19/12/../../..]
    arg [-search_paths_first] ==> ignore
    arg [-headerpad_max_install_names] ==> ignore
    arg [-v] ==> ignore
    arg [CMakeFiles/cmTC_0121a.dir/CMakeCXXCompilerABI.cpp.o] ==> ignore
    arg [-lstdc++] ==> lib [stdc++]
    arg [-lgcc_s.1.1] ==> lib [gcc_s.1.1]
    arg [-lgcc] ==> lib [gcc]
    arg [-lSystem] ==> lib [System]
    arg [-no_compact_unwind] ==> ignore
    arg [-rpath] ==> ignore
    arg [@loader_path] ==> ignore
    arg [-rpath] ==> ignore
    arg [/usr/local/Cellar/gcc@12/12.1.0_1/lib/gcc/12/gcc/x86_64-apple-darwin19/12] ==> ignore
    arg [-rpath] ==> ignore
    arg [/usr/local/Cellar/gcc@12/12.1.0_1/lib/gcc/12/gcc] ==> ignore
    arg [-rpath] ==> ignore
    arg [/usr/local/Cellar/gcc@12/12.1.0_1/lib/gcc/12] ==> ignore
  Library search paths: [;/usr/local/Cellar/gcc@12/12.1.0_1/lib/gcc/12/gcc/x86_64-apple-darwin19/12;/usr/local/Cellar/gcc@12/12.1.0_1/lib/gcc/12/gcc;/usr/local/Cellar/gcc@12/12.1.0_1/lib/gcc/12;/Applications/Xcode.app/Contents/Developer/Platforms/MacOSX.platform/Developer/SDKs/MacOSX11.1.sdk/usr/lib]
  Framework search paths: [;/Applications/Xcode.app/Contents/Developer/Platforms/MacOSX.platform/Developer/SDKs/MacOSX11.1.sdk/System/Library/Frameworks/]
  remove lib [System]
  collapse library dir [/usr/local/Cellar/gcc@12/12.1.0_1/bin/../lib/gcc/12/gcc/x86_64-apple-darwin19/12] ==> [/usr/local/Cellar/gcc@12/12.1.0_1/lib/gcc/12/gcc/x86_64-apple-darwin19/12]
  collapse library dir [/usr/local/Cellar/gcc@12/12.1.0_1/bin/../lib/gcc/12/gcc] ==> [/usr/local/Cellar/gcc@12/12.1.0_1/lib/gcc/12/gcc]
  collapse library dir [/usr/local/Cellar/gcc@12/12.1.0_1/bin/../lib/gcc/12/gcc/x86_64-apple-darwin19/12/../../..] ==> [/usr/local/Cellar/gcc@12/12.1.0_1/lib/gcc/12]
  collapse library dir [/usr/local/Cellar/gcc@12/12.1.0_1/lib/gcc/12/gcc/x86_64-apple-darwin19/12] ==> [/usr/local/Cellar/gcc@12/12.1.0_1/lib/gcc/12/gcc/x86_64-apple-darwin19/12]
  collapse library dir [/usr/local/Cellar/gcc@12/12.1.0_1/lib/gcc/12/gcc] ==> [/usr/local/Cellar/gcc@12/12.1.0_1/lib/gcc/12/gcc]
  collapse library dir [/usr/local/Cellar/gcc@12/12.1.0_1/lib/gcc/12] ==> [/usr/local/Cellar/gcc@12/12.1.0_1/lib/gcc/12]
  collapse library dir [/Applications/Xcode.app/Contents/Developer/Platforms/MacOSX.platform/Developer/SDKs/MacOSX11.1.sdk/usr/lib] ==> [/Applications/Xcode.app/Contents/Developer/Platforms/MacOSX.platform/Developer/SDKs/MacOSX11.1.sdk/usr/lib]
  collapse framework dir [/Applications/Xcode.app/Contents/Developer/Platforms/MacOSX.platform/Developer/SDKs/MacOSX11.1.sdk/System/Library/Frameworks/] ==> [/Applications/Xcode.app/Contents/Developer/Platforms/MacOSX.platform/Developer/SDKs/MacOSX11.1.sdk/System/Library/Frameworks]
  implicit libs: [stdc++;gcc_s.1.1;gcc]
  implicit objs: []
  implicit dirs: [/usr/local/Cellar/gcc@12/12.1.0_1/lib/gcc/12/gcc/x86_64-apple-darwin19/12;/usr/local/Cellar/gcc@12/12.1.0_1/lib/gcc/12/gcc;/usr/local/Cellar/gcc@12/12.1.0_1/lib/gcc/12;/Applications/Xcode.app/Contents/Developer/Platforms/MacOSX.platform/Developer/SDKs/MacOSX11.1.sdk/usr/lib]
  implicit fwks: [/Applications/Xcode.app/Contents/Developer/Platforms/MacOSX.platform/Developer/SDKs/MacOSX11.1.sdk/System/Library/Frameworks]


